<?xml version="1.0" encoding="UTF-8"?>
<!-- Generated by org.testng.reporters.JUnitXMLReporter -->
<testsuite ignored="0" hostname="InfinityBook" failures="0" tests="6" name="Default test" time="6.306" errors="0" timestamp="2024-06-14T20:38:13 CEST">
  <testcase classname="api.test.DataDrivenTest" name="testPostUser" time="2.467"/>
  <testcase classname="api.test.DataDrivenTest" name="testPostUser" time="0.568"/>
  <testcase classname="api.test.DataDrivenTest" name="testPostUser" time="0.555"/>
  <testcase classname="api.test.DataDrivenTest" name="testDeleteUserByName" time="0.588"/>
  <testcase classname="api.test.DataDrivenTest" name="testDeleteUserByName" time="0.55"/>
  <testcase classname="api.test.DataDrivenTest" name="testDeleteUserByName" time="0.551"/>
</testsuite> <!-- Default test -->
