<?xml version="1.0" encoding="UTF-8"?>
<testng-results ignored="0" total="4" passed="4" failed="0" skipped="0">
  <reporter-output>
  </reporter-output>
  <suite started-at="2024-06-15T12:03:12 CEST" name="PetSuite" finished-at="2024-06-15T12:03:16 CEST" duration-ms="4838">
    <groups>
    </groups>
    <test started-at="2024-06-15T12:03:12 CEST" name="PetTest" finished-at="2024-06-15T12:03:16 CEST" duration-ms="4838">
      <class name="api.test.UserTest2">
        <test-method is-config="true" signature="setupData()[pri:0, instance:api.test.UserTest2@3d34d211]" started-at="2024-06-15T12:03:12 CEST" name="setupData" finished-at="2024-06-15T12:03:12 CEST" duration-ms="663" status="PASS">
          <reporter-output>
          </reporter-output>
        </test-method> <!-- setupData -->
        <test-method signature="testPostUser()[pri:1, instance:api.test.UserTest2@3d34d211]" started-at="2024-06-15T12:03:12 CEST" name="testPostUser" finished-at="2024-06-15T12:03:14 CEST" duration-ms="1753" status="PASS">
          <reporter-output>
          </reporter-output>
        </test-method> <!-- testPostUser -->
        <test-method signature="testGetUserByName()[pri:2, instance:api.test.UserTest2@3d34d211]" started-at="2024-06-15T12:03:14 CEST" name="testGetUserByName" finished-at="2024-06-15T12:03:15 CEST" duration-ms="572" status="PASS">
          <reporter-output>
          </reporter-output>
        </test-method> <!-- testGetUserByName -->
        <test-method signature="testUpdateUser()[pri:3, instance:api.test.UserTest2@3d34d211]" started-at="2024-06-15T12:03:15 CEST" name="testUpdateUser" finished-at="2024-06-15T12:03:16 CEST" duration-ms="1110" status="PASS">
          <reporter-output>
          </reporter-output>
        </test-method> <!-- testUpdateUser -->
        <test-method signature="testDeleteUserByName()[pri:4, instance:api.test.UserTest2@3d34d211]" started-at="2024-06-15T12:03:16 CEST" name="testDeleteUserByName" finished-at="2024-06-15T12:03:16 CEST" duration-ms="553" status="PASS">
          <reporter-output>
          </reporter-output>
        </test-method> <!-- testDeleteUserByName -->
      </class> <!-- api.test.UserTest2 -->
    </test> <!-- PetTest -->
  </suite> <!-- PetSuite -->
</testng-results>
