<?xml version="1.0" encoding="UTF-8"?>
<testsuite xmlns:xsi="http://www.w3.org/2001/XMLSchema-instance" xsi:noNamespaceSchemaLocation="https://maven.apache.org/surefire/maven-surefire-plugin/xsd/surefire-test-report-3.0.xsd" version="3.0" name="TestSuite" time="5.465" tests="4" errors="0" skipped="0" failures="0">
  <properties>
[...]
</properties>
  <testcase name="testPostUser" classname="api.test.UserTest2" time="1.758">
    <system-out><![CDATA[12:03:11.813 [main] DEBUG org.testng.TestNG -- suiteXmlPath: "D:\API Testing\RestAssuredPractice\PetStoreAutomation\testng.xml"
HTTP/1.1 200 OK
Date: Sat, 15 Jun 2024 10:03:14 GMT
Content-Type: application/json
Transfer-Encoding: chunked
Connection: keep-alive
Access-Control-Allow-Origin: *
Access-Control-Allow-Methods: GET, POST, DELETE, PUT
Access-Control-Allow-Headers: Content-Type, api_key, Authorization
Server: Jetty(9.2.9.v20150224)

{
    "code": 200,
    "type": "unknown",
    "message": "1364497552"
}
]]></system-out>
  </testcase>
  <testcase name="testGetUserByName" classname="api.test.UserTest2" time="0.573">
    <system-out><![CDATA[HTTP/1.1 200 OK
Date: Sat, 15 Jun 2024 10:03:14 GMT
Content-Type: application/json
Transfer-Encoding: chunked
Connection: keep-alive
Access-Control-Allow-Origin: *
Access-Control-Allow-Methods: GET, POST, DELETE, PUT
Access-Control-Allow-Headers: Content-Type, api_key, Authorization
Server: Jetty(9.2.9.v20150224)

{
    "id": 1364497552,
    "username": "herbert.abshire",
    "firstName": "Star",
    "lastName": "Oberbrunner",
    "email": "jose.purdy@yahoo.com",
    "password": "jic7d6y0iue",
    "phone": "(275) 906-6184",
    "userStatus": 0
}
]]></system-out>
  </testcase>
  <testcase name="testUpdateUser" classname="api.test.UserTest2" time="1.111">
    <system-out><![CDATA[{
    "code": 200,
    "type": "unknown",
    "message": "1364497552"
}
]]></system-out>
  </testcase>
  <testcase name="testDeleteUserByName" classname="api.test.UserTest2" time="0.554"/>
</testsuite>