<?xml version="1.0" encoding="UTF-8"?>
<testng-results ignored="0" total="4" passed="4" failed="0" skipped="0">
  <reporter-output>
  </reporter-output>
  <suite started-at="2024-06-15T11:32:25 CEST" name="PetSuite" finished-at="2024-06-15T11:32:31 CEST" duration-ms="5436">
    <groups>
    </groups>
    <test started-at="2024-06-15T11:32:25 CEST" name="PetTest" finished-at="2024-06-15T11:32:31 CEST" duration-ms="5436">
      <class name="api.test.UserTest2">
        <test-method is-config="true" signature="setupData()[pri:0, instance:api.test.UserTest2@79defdc]" started-at="2024-06-15T11:32:26 CEST" name="setupData" finished-at="2024-06-15T11:32:26 CEST" duration-ms="760" status="PASS">
          <reporter-output>
          </reporter-output>
        </test-method> <!-- setupData -->
        <test-method signature="testPostUser()[pri:1, instance:api.test.UserTest2@79defdc]" started-at="2024-06-15T11:32:26 CEST" name="testPostUser" finished-at="2024-06-15T11:32:28 CEST" duration-ms="1985" status="PASS">
          <reporter-output>
          </reporter-output>
        </test-method> <!-- testPostUser -->
        <test-method signature="testGetUserByName()[pri:2, instance:api.test.UserTest2@79defdc]" started-at="2024-06-15T11:32:28 CEST" name="testGetUserByName" finished-at="2024-06-15T11:32:29 CEST" duration-ms="617" status="PASS">
          <reporter-output>
          </reporter-output>
        </test-method> <!-- testGetUserByName -->
        <test-method signature="testUpdateUser()[pri:3, instance:api.test.UserTest2@79defdc]" started-at="2024-06-15T11:32:29 CEST" name="testUpdateUser" finished-at="2024-06-15T11:32:30 CEST" duration-ms="1206" status="PASS">
          <reporter-output>
          </reporter-output>
        </test-method> <!-- testUpdateUser -->
        <test-method signature="testDeleteUserByName()[pri:4, instance:api.test.UserTest2@79defdc]" started-at="2024-06-15T11:32:30 CEST" name="testDeleteUserByName" finished-at="2024-06-15T11:32:31 CEST" duration-ms="601" status="PASS">
          <reporter-output>
          </reporter-output>
        </test-method> <!-- testDeleteUserByName -->
      </class> <!-- api.test.UserTest2 -->
    </test> <!-- PetTest -->
  </suite> <!-- PetSuite -->
</testng-results>
