<?xml version="1.0" encoding="UTF-8"?>
<!-- Generated by org.testng.reporters.JUnitXMLReporter -->
<testsuite ignored="0" hostname="InfinityBook" failures="0" tests="4" name="PetTest" time="4.838" errors="0" timestamp="2024-06-15T12:03:17 CEST">
  <testcase classname="api.test.UserTest2" name="testPostUser" time="1.753"/>
  <testcase classname="api.test.UserTest2" name="testGetUserByName" time="0.572"/>
  <testcase classname="api.test.UserTest2" name="testUpdateUser" time="1.11"/>
  <testcase classname="api.test.UserTest2" name="testDeleteUserByName" time="0.553"/>
</testsuite> <!-- PetTest -->
